[35m[1mScanning dependencies of target _muvu_control_generate_messages_check_deps_SampleNeighbours[0m
[  0%] Built target std_msgs_generate_messages_cpp
[  0%] Built target geometry_msgs_generate_messages_cpp
[  0%] Built target nav_msgs_generate_messages_cpp
[  0%] Built target nav_msgs_generate_messages_py
[  0%] Built target std_msgs_generate_messages_py
[  0%] Built target geometry_msgs_generate_messages_py
[  0%] Built target nav_msgs_generate_messages_eus
[  0%] Built target std_msgs_generate_messages_nodejs
[  0%] Built target std_msgs_generate_messages_eus
[  0%] Built target geometry_msgs_generate_messages_eus
[  0%] Built target nav_msgs_generate_messages_nodejs
[  0%] Built target _muvu_control_generate_messages_check_deps_MoveDistance
[  0%] Built target geometry_msgs_generate_messages_nodejs
[  0%] Built target _muvu_control_generate_messages_check_deps_SampleNeighbours
[  0%] Built target nav_msgs_generate_messages_lisp
[  0%] Built target std_msgs_generate_messages_lisp
[  0%] Built target geometry_msgs_generate_messages_lisp
[ 12%] [34m[1mGenerating Javascript code from muvu_control/SampleNeighbours.srv[0m
[ 12%] [34m[1mGenerating EusLisp code from muvu_control/SampleNeighbours.srv[0m
[ 25%] [34m[1mGenerating Python code from SRV muvu_control/SampleNeighbours[0m
[ 25%] [34m[1mGenerating C++ code from muvu_control/SampleNeighbours.srv[0m
[ 31%] [34m[1mGenerating Lisp code from muvu_control/SampleNeighbours.srv[0m
[ 37%] Built target muvu_control_generate_messages_nodejs
[ 43%] Built target muvu_control_generate_messages_lisp
[ 56%] Built target muvu_control_generate_messages_eus
[ 62%] [34m[1mGenerating Python srv __init__.py for muvu_control[0m
[ 68%] Built target muvu_control_generate_messages_py
[ 75%] Built target muvu_control_generate_messages_cpp
[ 75%] Built target muvu_control_generate_messages
[ 75%] Built target muvu_control_gencpp
[100%] Built target move_distance_server
[100%] Built target move_distance_client
