Symlinking /home/raghav/muvu/devel/include/muvu_control/SampleNeighbours.h
Linked: (/home/raghav/muvu/devel/.private/muvu_control/include/muvu_control/MoveDistanceResponse.h, /home/raghav/muvu/devel/include/muvu_control/MoveDistanceResponse.h)
Linked: (/home/raghav/muvu/devel/.private/muvu_control/include/muvu_control/MoveDistanceRequest.h, /home/raghav/muvu/devel/include/muvu_control/MoveDistanceRequest.h)
Symlinking /home/raghav/muvu/devel/include/muvu_control/SampleNeighboursRequest.h
Linked: (/home/raghav/muvu/devel/.private/muvu_control/include/muvu_control/MoveDistance.h, /home/raghav/muvu/devel/include/muvu_control/MoveDistance.h)
Symlinking /home/raghav/muvu/devel/include/muvu_control/SampleNeighboursResponse.h
Linked: (/home/raghav/muvu/devel/.private/muvu_control/share/common-lisp/ros/muvu_control/srv/MoveDistance.lisp, /home/raghav/muvu/devel/share/common-lisp/ros/muvu_control/srv/MoveDistance.lisp)
Linked: (/home/raghav/muvu/devel/.private/muvu_control/share/common-lisp/ros/muvu_control/srv/muvu_control-srv.asd, /home/raghav/muvu/devel/share/common-lisp/ros/muvu_control/srv/muvu_control-srv.asd)
Symlinking /home/raghav/muvu/devel/share/common-lisp/ros/muvu_control/srv/SampleNeighbours.lisp
Linked: (/home/raghav/muvu/devel/.private/muvu_control/share/common-lisp/ros/muvu_control/srv/_package.lisp, /home/raghav/muvu/devel/share/common-lisp/ros/muvu_control/srv/_package.lisp)
Symlinking /home/raghav/muvu/devel/share/common-lisp/ros/muvu_control/srv/_package_SampleNeighbours.lisp
Linked: (/home/raghav/muvu/devel/.private/muvu_control/share/common-lisp/ros/muvu_control/srv/_package_MoveDistance.lisp, /home/raghav/muvu/devel/share/common-lisp/ros/muvu_control/srv/_package_MoveDistance.lisp)
Linked: (/home/raghav/muvu/devel/.private/muvu_control/share/roseus/ros/muvu_control/manifest.l, /home/raghav/muvu/devel/share/roseus/ros/muvu_control/manifest.l)
Linked: (/home/raghav/muvu/devel/.private/muvu_control/share/roseus/ros/muvu_control/srv/MoveDistance.l, /home/raghav/muvu/devel/share/roseus/ros/muvu_control/srv/MoveDistance.l)
Symlinking /home/raghav/muvu/devel/share/roseus/ros/muvu_control/srv/SampleNeighbours.l
Linked: (/home/raghav/muvu/devel/.private/muvu_control/share/muvu_control/cmake/muvu_control-msg-extras.cmake, /home/raghav/muvu/devel/share/muvu_control/cmake/muvu_control-msg-extras.cmake)
Linked: (/home/raghav/muvu/devel/.private/muvu_control/share/muvu_control/cmake/muvu_control-msg-paths.cmake, /home/raghav/muvu/devel/share/muvu_control/cmake/muvu_control-msg-paths.cmake)
Linked: (/home/raghav/muvu/devel/.private/muvu_control/share/muvu_control/cmake/muvu_controlConfig-version.cmake, /home/raghav/muvu/devel/share/muvu_control/cmake/muvu_controlConfig-version.cmake)
Linked: (/home/raghav/muvu/devel/.private/muvu_control/share/muvu_control/cmake/muvu_controlConfig.cmake, /home/raghav/muvu/devel/share/muvu_control/cmake/muvu_controlConfig.cmake)
Linked: (/home/raghav/muvu/devel/.private/muvu_control/share/gennodejs/ros/muvu_control/_index.js, /home/raghav/muvu/devel/share/gennodejs/ros/muvu_control/_index.js)
Linked: (/home/raghav/muvu/devel/.private/muvu_control/share/gennodejs/ros/muvu_control/srv/_index.js, /home/raghav/muvu/devel/share/gennodejs/ros/muvu_control/srv/_index.js)
Symlinking /home/raghav/muvu/devel/share/gennodejs/ros/muvu_control/srv/SampleNeighbours.js
Linked: (/home/raghav/muvu/devel/.private/muvu_control/share/gennodejs/ros/muvu_control/srv/MoveDistance.js, /home/raghav/muvu/devel/share/gennodejs/ros/muvu_control/srv/MoveDistance.js)
Linked: (/home/raghav/muvu/devel/.private/muvu_control/lib/pkgconfig/muvu_control.pc, /home/raghav/muvu/devel/lib/pkgconfig/muvu_control.pc)
Linked: (/home/raghav/muvu/devel/.private/muvu_control/lib/python2.7/dist-packages/muvu_control/__init__.py, /home/raghav/muvu/devel/lib/python2.7/dist-packages/muvu_control/__init__.py)
Linked: (/home/raghav/muvu/devel/.private/muvu_control/lib/python2.7/dist-packages/muvu_control/srv/__init__.py, /home/raghav/muvu/devel/lib/python2.7/dist-packages/muvu_control/srv/__init__.py)
Symlinking /home/raghav/muvu/devel/lib/python2.7/dist-packages/muvu_control/srv/_SampleNeighbours.py
Linked: (/home/raghav/muvu/devel/.private/muvu_control/lib/python2.7/dist-packages/muvu_control/srv/_MoveDistance.py, /home/raghav/muvu/devel/lib/python2.7/dist-packages/muvu_control/srv/_MoveDistance.py)
Linked: (/home/raghav/muvu/devel/.private/muvu_control/lib/muvu_control/move_distance_server, /home/raghav/muvu/devel/lib/muvu_control/move_distance_server)
Linked: (/home/raghav/muvu/devel/.private/muvu_control/lib/muvu_control/move_distance_client, /home/raghav/muvu/devel/lib/muvu_control/move_distance_client)
