[01m[K/home/raghav/muvu/src/muvu_control/src/move_distance_server.cpp:[m[K In function ‘[01m[Kbool move(muvu_control::MoveDistance::Request&, muvu_control::MoveDistance::Response&)[m[K’:
[01m[K/home/raghav/muvu/src/muvu_control/src/move_distance_server.cpp:18:5:[m[K [01;31m[Kerror: [m[K‘[01m[Kcout[m[K’ was not declared in this scope
     [01;31m[Kcout[m[K<<request.distance<<"\t";
     [01;31m[K^~~~[m[K
[01m[K/home/raghav/muvu/src/muvu_control/src/move_distance_server.cpp:18:5:[m[K [01;36m[Knote: [m[Ksuggested alternative:
In file included from [01m[K/opt/ros/melodic/include/ros/time.h:54:0[m[K,
                 from [01m[K/opt/ros/melodic/include/ros/ros.h:38[m[K,
                 from [01m[K/home/raghav/muvu/src/muvu_control/src/move_distance_server.cpp:1[m[K:
[01m[K/usr/include/c++/7/iostream:61:18:[m[K [01;36m[Knote: [m[K  ‘[01m[Kstd::cout[m[K’
   extern ostream [01;36m[Kcout[m[K;  /// Linked to standard output
                  [01;36m[K^~~~[m[K
[01m[K/home/raghav/muvu/src/muvu_control/src/move_distance_client.cpp:[m[K In function ‘[01m[Kint main(int, char**)[m[K’:
[01m[K/home/raghav/muvu/src/muvu_control/src/move_distance_client.cpp:9:47:[m[K [01;31m[Kerror: [m[K‘[01m[Kmuvu_controller[m[K’ was not declared in this scope
   ros::ServiceClient client = n.serviceClient<[01;31m[Kmuvu_controller[m[K::MoveDistance>
                                               [01;31m[K^~~~~~~~~~~~~~~[m[K
[01m[K/home/raghav/muvu/src/muvu_control/src/move_distance_client.cpp:9:33:[m[K [01;31m[Kerror: [m[Kparse error in template argument list
   ros::ServiceClient client = n.[01;31m[KserviceClient<muvu_controller::MoveDistance>[m[K
                                 [01;31m[K^~~~~~~~~~~~~~~~~~~~~~~~~~~~~~~~~~~~~~~~~~~~[m[K
[01m[K/home/raghav/muvu/src/muvu_control/src/move_distance_client.cpp:10:47:[m[K [01;31m[Kerror: [m[Kno matching function for call to ‘[01m[Kros::NodeHandle::serviceClient<<expression error> >(const char [14])[m[K’
                               ("move_distance"[01;31m[K)[m[K;
                                               [01;31m[K^[m[K
In file included from [01m[K/opt/ros/melodic/include/ros/ros.h:45:0[m[K,
                 from [01m[K/home/raghav/muvu/src/muvu_control/src/move_distance_client.cpp:1[m[K:
[01m[K/opt/ros/melodic/include/ros/node_handle.h:1240:17:[m[K [01;36m[Knote: [m[Kcandidate: template<class MReq, class MRes> ros::ServiceClient ros::NodeHandle::serviceClient(const string&, bool, const M_string&)
   ServiceClient [01;36m[KserviceClient[m[K(const std::string& service_name, bool persistent = false,
                 [01;36m[K^~~~~~~~~~~~~[m[K
[01m[K/opt/ros/melodic/include/ros/node_handle.h:1240:17:[m[K [01;36m[Knote: [m[K  template argument deduction/substitution failed:
[01m[K/home/raghav/muvu/src/muvu_control/src/move_distance_client.cpp:10:47:[m[K [01;31m[Kerror: [m[Ktemplate argument 1 is invalid
                               ("move_distance"[01;31m[K)[m[K;
                                               [01;31m[K^[m[K
In file included from [01m[K/opt/ros/melodic/include/ros/ros.h:45:0[m[K,
                 from [01m[K/home/raghav/muvu/src/muvu_control/src/move_distance_client.cpp:1[m[K:
[01m[K/opt/ros/melodic/include/ros/node_handle.h:1260:17:[m[K [01;36m[Knote: [m[Kcandidate: template<class Service> ros::ServiceClient ros::NodeHandle::serviceClient(const string&, bool, const M_string&)
   ServiceClient [01;36m[KserviceClient[m[K(const std::string& service_name, bool persistent = false,
                 [01;36m[K^~~~~~~~~~~~~[m[K
[01m[K/opt/ros/melodic/include/ros/node_handle.h:1260:17:[m[K [01;36m[Knote: [m[K  template argument deduction/substitution failed:
[01m[K/home/raghav/muvu/src/muvu_control/src/move_distance_client.cpp:10:47:[m[K [01;31m[Kerror: [m[Ktemplate argument 1 is invalid
                               ("move_distance"[01;31m[K)[m[K;
                                               [01;31m[K^[m[K
make[2]: *** [CMakeFiles/move_distance_client.dir/src/move_distance_client.cpp.o] Error 1
make[1]: *** [CMakeFiles/move_distance_client.dir/all] Error 2
make[1]: *** Waiting for unfinished jobs....
make[2]: *** [CMakeFiles/move_distance_server.dir/src/move_distance_server.cpp.o] Error 1
make[1]: *** [CMakeFiles/move_distance_server.dir/all] Error 2
make: *** [all] Error 2
