[  0%] Built target geometry_msgs_generate_messages_py
[  0%] Built target geometry_msgs_generate_messages_cpp
[  0%] Built target std_msgs_generate_messages_cpp
[  0%] Built target geometry_msgs_generate_messages_eus
[  0%] Built target nav_msgs_generate_messages_cpp
[  0%] Built target std_msgs_generate_messages_py
[  0%] Built target nav_msgs_generate_messages_py
[  0%] Built target std_msgs_generate_messages_nodejs
[  0%] Built target geometry_msgs_generate_messages_lisp
[  0%] Built target std_msgs_generate_messages_eus
[  0%] Built target geometry_msgs_generate_messages_nodejs
[  0%] Built target nav_msgs_generate_messages_eus
[  0%] Built target nav_msgs_generate_messages_nodejs
[  0%] Built target nav_msgs_generate_messages_lisp
[  0%] Built target _muvu_control_generate_messages_check_deps_MoveDistance
[  0%] Built target std_msgs_generate_messages_lisp
[  9%] Built target muvu_control_generate_messages_nodejs
[ 27%] Built target muvu_control_generate_messages_eus
[ 45%] Built target muvu_control_generate_messages_py
[ 54%] Built target muvu_control_generate_messages_cpp
[ 63%] Built target muvu_control_generate_messages_lisp
[ 63%] Built target muvu_control_gencpp
[ 63%] Built target muvu_control_generate_messages
[35m[1mScanning dependencies of target move_distance_server[0m
[ 81%] Built target move_distance_client
[ 90%] [32mBuilding CXX object CMakeFiles/move_distance_server.dir/src/move_distance_server.cpp.o[0m
[100%] [32m[1mLinking CXX executable /home/raghav/muvu/devel/.private/muvu_control/lib/muvu_control/move_distance_server[0m
[100%] Built target move_distance_server
