[  0%] Built target std_msgs_generate_messages_cpp
[  0%] Built target sensor_msgs_generate_messages_cpp
[  0%] Built target geometry_msgs_generate_messages_cpp
[  0%] Built target nav_msgs_generate_messages_cpp
[  0%] Built target geometry_msgs_generate_messages_eus
[  0%] Built target sensor_msgs_generate_messages_eus
[  0%] Built target std_msgs_generate_messages_eus
[  0%] Built target geometry_msgs_generate_messages_py
[  0%] Built target nav_msgs_generate_messages_eus
[  0%] Built target sensor_msgs_generate_messages_py
[  0%] Built target std_msgs_generate_messages_py
[  0%] Built target _muvu_control_generate_messages_check_deps_SampleNeighbours
[  0%] Built target _muvu_control_generate_messages_check_deps_MoveDistance
[  0%] Built target nav_msgs_generate_messages_py
[  0%] Built target geometry_msgs_generate_messages_lisp
[  0%] Built target nav_msgs_generate_messages_lisp
[  0%] Built target std_msgs_generate_messages_lisp
[  0%] Built target sensor_msgs_generate_messages_lisp
[  0%] Built target sensor_msgs_generate_messages_nodejs
[  0%] Built target std_msgs_generate_messages_nodejs
[  0%] Built target nav_msgs_generate_messages_nodejs
[  0%] Built target geometry_msgs_generate_messages_nodejs
[ 15%] Built target muvu_control_generate_messages_eus
[ 25%] Built target muvu_control_generate_messages_cpp
[ 50%] Built target muvu_control_generate_messages_lisp
[ 50%] Built target muvu_control_generate_messages_py
[ 60%] Built target muvu_control_generate_messages_nodejs
[ 60%] Built target muvu_control_gencpp
[ 60%] Built target muvu_control_generate_messages
[35m[1mScanning dependencies of target sample_neighbours_client[0m
[ 70%] Built target move_distance_client
[ 80%] Built target move_distance_server
[ 85%] [32mBuilding CXX object CMakeFiles/sample_neighbours_client.dir/src/sample_neighbours_client.cpp.o[0m
[ 95%] Built target sample_neighbours_server
[100%] [32m[1mLinking CXX executable /home/raghav/muvu/devel/.private/muvu_control/lib/muvu_control/sample_neighbours_client[0m
[100%] Built target sample_neighbours_client
